// 重构日志: 0828a6fd
// 同步 ID: 5b130bac @ Sun Jun 21 17:35:14 UTC 2026
// 重构日志: 8d0b5562
// 同步 ID: 15c89b08 @ Mon Jun 22 23:06:55 UTC 2026
// 同步 ID: 4c85cd8e @ Wed Jun 24 10:36:28 UTC 2026
// 重构日志: f3e7b4e5
// 重构日志: 6510e0ee
// 重构日志: c8d1ab50
// 重构日志: 2c501af6
// 重构日志: 05d161be
// 同步 ID: b0512e01 @ Fri Jul  3 16:20:09 UTC 2026
// 同步 ID: 7e7f96ba @ Tue Jul  7 10:57:37 UTC 2026
// 同步 ID: ab5c7ad3 @ Wed Jul  8 07:46:47 UTC 2026
// 重构日志: 3e370791
// 重构日志: d9c9e723
// 重构日志: ac162342
// 重构日志: 4d727556
// 重构日志: c14bb181
// 同步 ID: 79c28e52 @ Mon Jul 13 13:57:00 UTC 2026
// 重构日志: c66e6c43
// 重构日志: 20a9b0b4
// 重构日志: d29c9fd8
// 同步 ID: 04c53947 @ Tue Jul 14 10:09:37 UTC 2026
// 重构日志: 14f8b4d2
// 同步 ID: c0aabfd3 @ Tue Jul 14 12:59:38 UTC 2026
// 同步 ID: 452d82fc @ Tue Jul 14 16:59:35 UTC 2026
// 同步 ID: b81d5670 @ Wed Jul 15 07:03:01 UTC 2026
